#-----------------------------------------------------------
# xsim v2025.2 (64-bit)
# SW Build 6299465 on Fri Nov 14 19:35:11 GMT 2025
# IP Build 6300035 on Fri Nov 14 10:48:45 MST 2025
# SharedData Build 6298862 on Thu Nov 13 04:50:51 MST 2025
# Start of session at: Wed Jun  3 15:18:25 2026
# Process ID         : 27524
# Current directory  : D:/SystolicAI/SystolicAI/systemverilog-systolic-array/SystolicAI.sim/sim_1/behav/xsim
# Command line       : xsim.exe -log simulate.log -mode tcl -source {xsim.dir/tb_systolic_array_behav/xsim_script.tcl}
# Log file           : D:/SystolicAI/SystolicAI/systemverilog-systolic-array/SystolicAI.sim/sim_1/behav/xsim/simulate.log
# Journal file       : D:/SystolicAI/SystolicAI/systemverilog-systolic-array/SystolicAI.sim/sim_1/behav/xsim\xsim.jou
# Running On         : viruz
# Platform           : Windows Server 2016 or Windows 10
# Operating System   : 26200
# Processor Detail   : 12th Gen Intel(R) Core(TM) i5-12450H
# CPU Frequency      : 2496 MHz
# CPU Physical cores : 8
# CPU Logical cores  : 12
# Host memory        : 16831 MB
# Swap memory        : 4806 MB
# Total Virtual      : 21638 MB
# Available Virtual  : 6968 MB
#-----------------------------------------------------------
source xsim.dir/tb_systolic_array_behav/xsim_script.tcl
# xsim {tb_systolic_array_behav} -autoloadwcfg -tclbatch {tb_systolic_array.tcl} -key {Behavioral:sim_1:Functional:tb_systolic_array}
Time resolution is 1 ps
source tb_systolic_array.tcl
## set curr_wave [current_wave_config]
## if { [string length $curr_wave] == 0 } {
##   if { [llength [get_objects]] > 0} {
##     add_wave /
##     set_property needs_save false [current_wave_config]
##   } else {
##      send_msg_id Add_Wave-1 WARNING "No top level signals found. Simulator will start without a wave window. If you want to open a wave window go to 'File->New Waveform Configuration' or type 'create_wave_config' in the TCL console."
##   }
## }
## run 1000ns

Time: 5 ns Started: 5 ns Scope: /tb_systolic_array/dut File: D:/SystolicAI/SystolicAI/systemverilog-systolic-array/SystolicAI.srcs/sources_1/new/systolic_array.sv Line:78
Error: accepted_count exceeded FRAME_CYCLES
Time: 5 ns  Iteration: 2  Process: /tb_systolic_array/dut//tb_systolic_array/dut  Scope: tb_systolic_array.dut  File: D:/SystolicAI/SystolicAI/systemverilog-systolic-array/SystolicAI.srcs/sources_1/new/systolic_array.sv Line: 79
tb_systolic_array passed for 3 x 3 frames
$finish called at time : 280 ns : File "D:/SystolicAI/SystolicAI/systemverilog-systolic-array/SystolicAI.srcs/sim_1/new/tb_systolic_array.sv" Line 201
xsim% INFO: [Common 17-206] Exiting xsim at Wed Jun  3 15:18:34 2026...
